<?xml version="1.0" encoding="UTF-8"?>
<!-- Generated by org.testng.reporters.JUnitReportReporter -->
<testsuite hostname="DESKTOP-6N1A0BM" failures="0" tests="1" name="testscripts.NavigateGoogleTest" time="17.488" errors="0" timestamp="2022-04-29T07:58:17 IST" skipped="0">
  <testcase classname="testscripts.NavigateGoogleTest" name="navigateGoogleTest" time="17.488"/>
  <system-out/>
</testsuite> <!-- testscripts.NavigateGoogleTest -->
