<?xml version="1.0" encoding="UTF-8"?>
<!-- Generated by org.testng.reporters.JUnitReportReporter -->
<testsuite hostname="DESKTOP-6N1A0BM" failures="0" tests="1" name="testscripts.NavigateGoogleTest" time="16.999" errors="0" timestamp="2022-04-30T12:56:05 IST" skipped="0">
  <testcase classname="testscripts.NavigateGoogleTest" name="navigateGoogleTest" time="16.999"/>
  <system-out/>
</testsuite> <!-- testscripts.NavigateGoogleTest -->
