<?xml version="1.0" encoding="UTF-8"?>
<!-- Generated by org.testng.reporters.JUnitReportReporter -->
<testsuite skipped="0" hostname="DESKTOP-6N1A0BM" name="testscripts.NavigateGoogleTest" tests="1" failures="0" timestamp="2022-04-29T10:23:45 IST" time="20.051" errors="0">
  <testcase name="navigateGoogleTest" time="20.051" classname="testscripts.NavigateGoogleTest"/>
  <system-out/>
</testsuite> <!-- testscripts.NavigateGoogleTest -->
